This is pdfTeX, Version 3.1415926-2.5-1.40.14 (TeX Live 2013/Debian) (format=pdflatex 2015.3.6)  29 APR 2015 15:16
entering extended mode
 restricted \write18 enabled.
 %&-line parsing enabled.
**todo
(./todo.tex
LaTeX2e <2011/06/27>
Babel <3.9h> and hyphenation patterns for 4 languages loaded.
(/usr/share/texlive/texmf-dist/tex/latex/revtex/revtex4-1.cls
Document Class: revtex4-1 2010/07/25/20:33:00 4.1r (http://publish.aps.org/revt
ex4/ for documentation)
 Copyright (c) 2009 The American Physical Society.
 mailto:revtex@aps.org
 Licensed under the LPPL:
http://www.ctan.org/tex-archive/macros/latex/base/lppl.txt
 Arthur Ogawa <arthur_ogawa at sbcglobal dot net>
 Based on work by David Carlisle <david at dcarlisle.demon.co.uk>.
ltxutil[2010/07/25/20:33:00 4.1r utilities package (portions licensed from W. E
. Baxter web at superscript.com)]
LaTeX Info: Redefining \@centercr on input line 308.
Class revtex4-1 Info: Repairing broken LaTeX eqnarray on input line 358.
\eqncolsep=\skip41
Class revtex4-1 Info: Repairing hyperref-unfriendly LaTeX definition of \mpfoot
note on input line 433.
Class revtex4-1 Info: Repairing broken LateX \@sect on input line 755.
\intertabularlinepenalty=\count79
\@tbpen=\count80
\@arstrutbox@hline=\box26
Class revtex4-1 Info: Repairing broken LaTeX \@xbitor on input line 1786.
Class revtex4-1 Info: Making \typeout \long on input line 2046.
ltxfront[2010/07/25/20:33:00 4.1r frontmatter package (AO,DPC)]
\c@affil=\count81
\c@collab=\count82
\absbox=\box27
ltxgrid[2010/07/25/20:33:00 4.1r page grid package (portions licensed from W. E
. Baxter web at superscript.com)]
\c@linecount=\count83
\output@latex=\toks14
\box@size@1=\box28
\box@size@2=\box29
\@protection@box=\box30
\@topmark@saved=\toks15
\footins@saved=\box31
\footins@recovered=\box32
\column@recovered=\box33
\pagesofar=\box34
\footsofar=\box35
\pagegrid@col=\count84
Class revtex4-1 Info: Overriding \@vspace, \@vspacer, \@no@pgbk, \@newline, and
 \\  on input line 5578.
\c@part=\count85
\c@section=\count86
\c@subsection=\count87
\c@subsubsection=\count88
\c@paragraph=\count89
\c@subparagraph=\count90
\abovecaptionskip=\skip42
\belowcaptionskip=\skip43
\c@figure=\count91
\fbox@1=\box36
\c@table=\count92
\fbox@2=\box37
\c@video=\count93
\fbox@4=\box38
\@bibdataout=\write3
\widetext@top=\box39
\widetext@bot=\box40

Class revtex4-1 Warning: No Society specified, using default society aps.

(/usr/share/texlive/texmf-dist/tex/latex/revtex/aps4-1.rtx
File: aps4-1 2010/07/25/20:33:00 4.1r (http://publish.aps.org/revtex4/ for docu
mentation)
Class revtex4-1 Info: RevTeX society APS selected on input line 31.
)

Class revtex4-1 Warning: No journal specified, using default pra.

Class revtex4-1 Info: APS journal PRA selected on input line 7545.

Class revtex4-1 Warning: No type size specified, using default 10.

(/usr/share/texlive/texmf-dist/tex/latex/revtex/aps10pt4-1.rtx
File: aps10pt4-1 2010/07/25/20:33:00 4.1r (http://publish.aps.org/revtex4/ for 
documentation)
Class revtex4-1 Info: RevTeX pointsize 10pt selected on input line 30.
)
(/usr/share/texlive/texmf-dist/tex/latex/textcase/textcase.sty
Package: textcase 2004/10/07 v0.07 Text only upper/lower case changing (DPC)
)
(/usr/share/texlive/texmf-dist/tex/latex/url/url.sty
\Urlmuskip=\muskip10
Package: url 2013/09/16  ver 3.4  Verb mode for urls, etc.
)
(/usr/share/texlive/texmf-dist/tex/latex/natbib/natbib.sty
Package: natbib 2010/09/13 8.31b (PWD, AO)
\bibhang=\skip44
\bibsep=\skip45
LaTeX Info: Redefining \cite on input line 694.
\c@NAT@ctr=\count94
)
Class revtex4-1 Info: Repairing natbib's \BibitemShut on input line 7549.

(/usr/share/texlive/texmf-dist/tex/latex/revtex/revsymb4-1.sty
Package: revsymb4-1 2010/07/25/20:33:00 4.1r (http://publish.aps.org/revtex4/ f
or documentation)
LaTeX Info: Redefining \REV@mathfrak on input line 119.
))
! Undefined control sequence.
<argument> \collaboration@sw 
                             {\advance \c@collab \@ne \@argswap {\CO@grp \CO...
l.3 \author{Kyle Thomas}
                        
? 
! Argument of \@argswap has an extra }.
<inserted text> 
                \par 
l.3 \author{Kyle Thomas}
                        
? 
Runaway argument?
! Paragraph ended before \@argswap was complete.
<to be read again> 
                   \par 
l.3 \author{Kyle Thomas}
                        
? 
! Argument of \@argswap has an extra }.
<inserted text> 
                \par 
l.3 \author{Kyle Thomas}
                        
? 
Runaway argument?
! Paragraph ended before \@argswap was complete.
<to be read again> 
                   \par 
l.3 \author{Kyle Thomas}
                        
? 
! Argument of \add@AUCO@grp has an extra }.
<inserted text> 
                \par 
l.3 \author{Kyle Thomas}
                        
? 
Runaway argument?
! Paragraph ended before \add@AUCO@grp was complete.
<to be read again> 
                   \par 
l.3 \author{Kyle Thomas}
                        
? 
! Undefined control sequence.
<argument> ...dr@def \expandafter \@tempa \@affil 
                                                  \def \AFF@opr {\@affil@mat...
l.3 \author{Kyle Thomas}
                        
? 
! Argument of \@affil@match has an extra }.
<inserted text> 
                \par 
l.3 \author{Kyle Thomas}
                        
? 
Runaway argument?
! Paragraph ended before \@affil@match was complete.
<to be read again> 
                   \par 
l.3 \author{Kyle Thomas}
                        
? 
! Undefined control sequence.
<argument> ... {\@affil@match \@tempa }\@AFF@list 
                                                  
l.3 \author{Kyle Thomas}
                        
? 
! Undefined control sequence.
<argument> ...\@argswap@val \expandafter {\@affil 
                                                  }{\add@list@val@val@val \@...
l.3 \author{Kyle Thomas}
                        
? 
! Undefined control sequence.
<argument> \AU@grp 
                   
l.3 \author{Kyle Thomas}
                        
? 
! Undefined control sequence.
<argument> ... \CO@opr \@author@gobble \@AFG@list 
                                                  \temp@sw {}{\appdef \@AFG@...
l.3 \author{Kyle Thomas}
                        
? 
! Undefined control sequence.
<argument> \CO@grp 
                   
l.3 \author{Kyle Thomas}
                        
? 
! Undefined control sequence.
<argument> \CO@grp 
                   
l.3 \author{Kyle Thomas}
                        
? 
Class revtex4-1 Info: Patching LaTeX tabular. on input line 5.
Class revtex4-1 Info: Robustifying \LaTeX's \boldmath command on input line 5.
Class revtex4-1 Info: cite was not loaded (OK!) on input line 5.
Class revtex4-1 Info: mcite was not loaded (OK!) on input line 5.
Class revtex4-1 Info: multicol was not loaded (OK!) on input line 5.
No file todo.aux.
\openout1 = `todo.aux'.

LaTeX Font Info:    Checking defaults for OML/cmm/m/it on input line 5.
LaTeX Font Info:    ... okay on input line 5.
LaTeX Font Info:    Checking defaults for T1/cmr/m/n on input line 5.
LaTeX Font Info:    ... okay on input line 5.
LaTeX Font Info:    Checking defaults for OT1/cmr/m/n on input line 5.
LaTeX Font Info:    ... okay on input line 5.
LaTeX Font Info:    Checking defaults for OMS/cmsy/m/n on input line 5.
LaTeX Font Info:    ... okay on input line 5.
LaTeX Font Info:    Checking defaults for OMX/cmex/m/n on input line 5.
LaTeX Font Info:    ... okay on input line 5.
LaTeX Font Info:    Checking defaults for U/cmr/m/n on input line 5.
LaTeX Font Info:    ... okay on input line 5.
\openout3 = `todoNotes.bib'.

No file todo.bbl.
[1{/var/lib/texmf/fonts/map/pdftex/updmap/pdftex.map}] (./todo.aux)

LaTeX Warning: Label(s) may have changed. Rerun to get cross-references right .


 ) 
Here is how much of TeX's memory you used:
 2186 strings out of 494985
 27899 string characters out of 6180357
 85636 words of memory out of 5000000
 5467 multiletter control sequences out of 15000+600000
 3640 words of font info for 14 fonts, out of 8000000 for 9000
 36 hyphenation exceptions out of 8191
 26i,4n,21p,194b,117s stack positions out of 5000i,500n,10000p,200000b,80000s
</usr/share/texlive/texmf-dist/fonts/type1/public/amsfonts/cm/cmr10.pfb>
Output written on todo.pdf (1 page, 15482 bytes).
PDF statistics:
 12 PDF objects out of 1000 (max. 8388607)
 7 compressed objects within 1 object stream
 0 named destinations out of 1000 (max. 500000)
 1 words of extra memory for PDF output out of 10000 (max. 10000000)

